  Client.cpp
Client.cpp(85): warning C4996: 'strcpy': This function or variable may be unsafe. Consider using strcpy_s instead. To disable deprecation, use _CRT_SECURE_NO_WARNINGS. See online help for details.
  C:\Program Files (x86)\Windows Kits\10\Include\10.0.10240.0\ucrt\string.h(119): note: see declaration of 'strcpy'
Client.cpp(67): warning C4996: 'gethostbyname': Use getaddrinfo() or GetAddrInfoW() instead or define _WINSOCK_DEPRECATED_NO_WARNINGS to disable deprecated API warnings
  C:\Program Files (x86)\Windows Kits\8.1\Include\um\WinSock2.h(2238): note: see declaration of 'gethostbyname'
Client.cpp(71): warning C4996: 'inet_addr': Use inet_pton() or InetPton() instead or define _WINSOCK_DEPRECATED_NO_WARNINGS to disable deprecated API warnings
  C:\Program Files (x86)\Windows Kits\8.1\Include\um\WinSock2.h(1850): note: see declaration of 'inet_addr'
Client.cpp(72): warning C4996: 'gethostbyaddr': Use getnameinfo() or GetNameInfoW() instead or define _WINSOCK_DEPRECATED_NO_WARNINGS to disable deprecated API warnings
  C:\Program Files (x86)\Windows Kits\8.1\Include\um\WinSock2.h(2216): note: see declaration of 'gethostbyaddr'
Client.cpp(85): warning C4996: 'inet_ntoa': Use inet_ntop() or InetNtop() instead or define _WINSOCK_DEPRECATED_NO_WARNINGS to disable deprecated API warnings
  C:\Program Files (x86)\Windows Kits\8.1\Include\um\WinSock2.h(1868): note: see declaration of 'inet_ntoa'
Client.cpp(89): warning C4996: 'inet_addr': Use inet_pton() or InetPton() instead or define _WINSOCK_DEPRECATED_NO_WARNINGS to disable deprecated API warnings
  C:\Program Files (x86)\Windows Kits\8.1\Include\um\WinSock2.h(1850): note: see declaration of 'inet_addr'
Client.cpp(24): warning C4101: 'lclHost': unreferenced local variable
Client.cpp(256): warning C4305: 'return': truncation from 'int' to 'bool'
  Main.cpp
  Generating code
  All 1269 functions were compiled because no usable IPDB/IOBJ from previous compilation was found.
  Finished generating code
  RemoteClient.vcxproj -> \\vmware-host\Shared Folders\jorgeomarmedratorres\Documents\JOMT\GitHub\ServerHP\Release\RemoteClient.exe
  RemoteClient.vcxproj -> \\vmware-host\Shared Folders\jorgeomarmedratorres\Documents\JOMT\GitHub\ServerHP\Release\RemoteClient.pdb (Full PDB)
